<?xml version="1.0" encoding="UTF-8"?>
<testsuite name="com.matteoveroni.randomgenerator.RandIntegerWithoutRepetitionGeneratorTest" tests="4" skipped="0" failures="0" errors="0" timestamp="2019-02-19T23:47:49" hostname="mavek-N55SF" time="0.007">
  <properties/>
  <testcase name="if0ThrowIllegalArgument" classname="com.matteoveroni.randomgenerator.RandIntegerWithoutRepetitionGeneratorTest" time="0.004"/>
  <testcase name="ifBetween2And15ExtractOnlyCompatibleNumbers" classname="com.matteoveroni.randomgenerator.RandIntegerWithoutRepetitionGeneratorTest" time="0.001"/>
  <testcase name="ifBetween0And1Extract0Or1" classname="com.matteoveroni.randomgenerator.RandIntegerWithoutRepetitionGeneratorTest" time="0.0"/>
  <testcase name="ifNegativeThrowIllegalArgument" classname="com.matteoveroni.randomgenerator.RandIntegerWithoutRepetitionGeneratorTest" time="0.0"/>
  <system-out><![CDATA[]]></system-out>
  <system-err><![CDATA[]]></system-err>
</testsuite>
